<?xml version="1.0" encoding="UTF-8"?>
<coverage generated="1788638464767" clover="3.2.0">
  <project timestamp="1788638464767" name="All files">
    <metrics statements="231" coveredstatements="231" conditionals="113" coveredconditionals="113" methods="47" coveredmethods="47" elements="391" coveredelements="391" complexity="0" loc="231" ncloc="231" packages="2" files="7" classes="7"/>
    <package name="core">
      <metrics statements="172" coveredstatements="172" conditionals="87" coveredconditionals="87" methods="26" coveredmethods="26"/>
      <file name="AudioPlayer.js" path="D:\Projetos\task-bar-reminder\src\core\AudioPlayer.js">
        <metrics statements="39" coveredstatements="39" conditionals="16" coveredconditionals="16" methods="8" coveredmethods="8"/>
        <line num="1" count="1" type="stmt"/>
        <line num="2" count="1" type="stmt"/>
        <line num="3" count="1" type="stmt"/>
        <line num="5" count="1" type="stmt"/>
        <line num="9" count="15" type="stmt"/>
        <line num="10" count="15" type="stmt"/>
        <line num="14" count="7" type="stmt"/>
        <line num="15" count="7" type="stmt"/>
        <line num="17" count="7" type="cond" truecount="4" falsecount="0"/>
        <line num="18" count="2" type="stmt"/>
        <line num="19" count="2" type="stmt"/>
        <line num="20" count="2" type="stmt"/>
        <line num="23" count="5" type="cond" truecount="2" falsecount="0"/>
        <line num="24" count="1" type="stmt"/>
        <line num="25" count="1" type="stmt"/>
        <line num="26" count="1" type="stmt"/>
        <line num="29" count="4" type="stmt"/>
        <line num="39" count="4" type="stmt"/>
        <line num="40" count="1" type="stmt"/>
        <line num="41" count="1" type="stmt"/>
        <line num="42" count="1" type="stmt"/>
        <line num="45" count="4" type="stmt"/>
        <line num="46" count="3" type="stmt"/>
        <line num="47" count="3" type="stmt"/>
        <line num="53" count="9" type="cond" truecount="2" falsecount="0"/>
        <line num="54" count="2" type="stmt"/>
        <line num="55" count="2" type="stmt"/>
        <line num="60" count="6" type="cond" truecount="2" falsecount="0"/>
        <line num="61" count="1" type="stmt"/>
        <line num="64" count="5" type="stmt"/>
        <line num="65" count="11" type="cond" truecount="2" falsecount="0"/>
        <line num="66" count="8" type="stmt"/>
        <line num="67" count="8" type="cond" truecount="2" falsecount="0"/>
        <line num="70" count="5" type="cond" truecount="2" falsecount="0"/>
        <line num="71" count="1" type="stmt"/>
        <line num="74" count="4" type="stmt"/>
        <line num="75" count="4" type="stmt"/>
        <line num="79" count="8" type="stmt"/>
        <line num="83" count="1" type="stmt"/>
      </file>
      <file name="ConfigLoader.js" path="D:\Projetos\task-bar-reminder\src\core\ConfigLoader.js">
        <metrics statements="38" coveredstatements="38" conditionals="35" coveredconditionals="35" methods="1" coveredmethods="1"/>
        <line num="1" count="1" type="stmt"/>
        <line num="2" count="1" type="stmt"/>
        <line num="3" count="1" type="stmt"/>
        <line num="5" count="1" type="stmt"/>
        <line num="7" count="1" type="stmt"/>
        <line num="16" count="25" type="stmt"/>
        <line num="17" count="23" type="stmt"/>
        <line num="18" count="23" type="stmt"/>
        <line num="19" count="7" type="stmt"/>
        <line num="23" count="25" type="cond" truecount="2" falsecount="0"/>
        <line num="24" count="1" type="stmt"/>
        <line num="27" count="24" type="stmt"/>
        <line num="29" count="24" type="stmt"/>
        <line num="30" count="24" type="stmt"/>
        <line num="32" count="1" type="stmt"/>
        <line num="37" count="23" type="stmt"/>
        <line num="45" count="23" type="cond" truecount="5" falsecount="0"/>
        <line num="46" count="3" type="stmt"/>
        <line num="49" count="20" type="stmt"/>
        <line num="51" count="20" type="stmt"/>
        <line num="52" count="21" type="cond" truecount="4" falsecount="0"/>
        <line num="53" count="2" type="stmt"/>
        <line num="56" count="19" type="cond" truecount="2" falsecount="0"/>
        <line num="57" count="1" type="stmt"/>
        <line num="59" count="18" type="stmt"/>
        <line num="61" count="18" type="cond" truecount="4" falsecount="0"/>
        <line num="62" count="2" type="stmt"/>
        <line num="65" count="16" type="cond" truecount="4" falsecount="0"/>
        <line num="66" count="2" type="stmt"/>
        <line num="69" count="14" type="cond" truecount="2" falsecount="0"/>
        <line num="70" count="1" type="stmt"/>
        <line num="73" count="13" type="cond" truecount="4" falsecount="0"/>
        <line num="74" count="1" type="stmt"/>
        <line num="78" count="11" type="cond" truecount="4" falsecount="0"/>
        <line num="79" count="2" type="stmt"/>
        <line num="82" count="9" type="cond" truecount="4" falsecount="0"/>
        <line num="83" count="2" type="stmt"/>
        <line num="88" count="1" type="stmt"/>
      </file>
      <file name="ReminderService.js" path="D:\Projetos\task-bar-reminder\src\core\ReminderService.js">
        <metrics statements="57" coveredstatements="57" conditionals="22" coveredconditionals="22" methods="7" coveredmethods="7"/>
        <line num="1" count="1" type="stmt"/>
        <line num="8" count="15" type="stmt"/>
        <line num="9" count="15" type="stmt"/>
        <line num="10" count="15" type="stmt"/>
        <line num="11" count="15" type="stmt"/>
        <line num="12" count="15" type="stmt"/>
        <line num="14" count="15" type="stmt"/>
        <line num="15" count="15" type="stmt"/>
        <line num="16" count="15" type="stmt"/>
        <line num="20" count="6" type="stmt"/>
        <line num="21" count="12" type="stmt"/>
        <line num="26" count="12" type="stmt"/>
        <line num="28" count="12" type="cond" truecount="2" falsecount="0"/>
        <line num="29" count="4" type="stmt"/>
        <line num="31" count="4" type="cond" truecount="2" falsecount="0"/>
        <line num="32" count="2" type="stmt"/>
        <line num="33" count="2" type="stmt"/>
        <line num="34" count="2" type="stmt"/>
        <line num="37" count="2" type="stmt"/>
        <line num="38" count="2" type="stmt"/>
        <line num="41" count="8" type="stmt"/>
        <line num="45" count="14" type="stmt"/>
        <line num="46" count="14" type="stmt"/>
        <line num="48" count="14" type="stmt"/>
        <line num="49" count="14" type="stmt"/>
        <line num="53" count="21" type="stmt"/>
        <line num="55" count="21" type="cond" truecount="2" falsecount="0"/>
        <line num="56" count="1" type="stmt"/>
        <line num="59" count="21" type="stmt"/>
        <line num="60" count="4" type="stmt"/>
        <line num="61" count="4" type="stmt"/>
        <line num="62" count="4" type="stmt"/>
        <line num="65" count="21" type="stmt"/>
        <line num="69" count="6" type="stmt"/>
        <line num="70" count="6" type="stmt"/>
        <line num="74" count="12" type="cond" truecount="4" falsecount="0"/>
        <line num="76" count="6" type="stmt"/>
        <line num="77" count="6" type="stmt"/>
        <line num="79" count="6" type="stmt"/>
        <line num="80" count="6" type="cond" truecount="2" falsecount="0"/>
        <line num="81" count="2" type="stmt"/>
        <line num="84" count="6" type="stmt"/>
        <line num="86" count="6" type="stmt"/>
        <line num="87" count="6" type="stmt"/>
        <line num="91" count="10" type="stmt"/>
        <line num="92" count="9" type="cond" truecount="2" falsecount="0"/>
        <line num="94" count="8" type="cond" truecount="2" falsecount="0"/>
        <line num="95" count="2" type="stmt"/>
        <line num="96" count="2" type="cond" truecount="2" falsecount="0"/>
        <line num="97" count="1" type="stmt"/>
        <line num="99" count="6" type="cond" truecount="2" falsecount="0"/>
        <line num="100" count="5" type="stmt"/>
        <line num="101" count="5" type="cond" truecount="2" falsecount="0"/>
        <line num="102" count="1" type="stmt"/>
        <line num="105" count="5" type="stmt"/>
        <line num="110" count="2" type="stmt"/>
        <line num="117" count="1" type="stmt"/>
      </file>
      <file name="Scheduler.js" path="D:\Projetos\task-bar-reminder\src\core\Scheduler.js">
        <metrics statements="18" coveredstatements="18" conditionals="6" coveredconditionals="6" methods="6" coveredmethods="6"/>
        <line num="1" count="1" type="stmt"/>
        <line num="2" count="1" type="stmt"/>
        <line num="6" count="11" type="stmt"/>
        <line num="10" count="8" type="stmt"/>
        <line num="12" count="8" type="cond" truecount="2" falsecount="0"/>
        <line num="13" count="8" type="stmt"/>
        <line num="14" count="8" type="stmt"/>
        <line num="18" count="12" type="stmt"/>
        <line num="19" count="12" type="cond" truecount="2" falsecount="0"/>
        <line num="20" count="4" type="stmt"/>
        <line num="21" count="4" type="stmt"/>
        <line num="26" count="2" type="stmt"/>
        <line num="27" count="2" type="stmt"/>
        <line num="32" count="2" type="cond" truecount="2" falsecount="0"/>
        <line num="33" count="2" type="stmt"/>
        <line num="34" count="2" type="stmt"/>
        <line num="38" count="7" type="stmt"/>
        <line num="42" count="1" type="stmt"/>
      </file>
      <file name="StateStore.js" path="D:\Projetos\task-bar-reminder\src\core\StateStore.js">
        <metrics statements="20" coveredstatements="20" conditionals="8" coveredconditionals="8" methods="4" coveredmethods="4"/>
        <line num="1" count="1" type="stmt"/>
        <line num="2" count="1" type="stmt"/>
        <line num="4" count="1" type="stmt"/>
        <line num="8" count="12" type="stmt"/>
        <line num="9" count="12" type="stmt"/>
        <line num="10" count="11" type="cond" truecount="2" falsecount="0"/>
        <line num="11" count="10" type="cond" truecount="4" falsecount="0"/>
        <line num="13" count="2" type="stmt"/>
        <line num="18" count="2" type="stmt"/>
        <line num="19" count="2" type="cond" truecount="2" falsecount="0"/>
        <line num="23" count="3" type="stmt"/>
        <line num="24" count="3" type="stmt"/>
        <line num="25" count="3" type="stmt"/>
        <line num="29" count="2" type="stmt"/>
        <line num="30" count="2" type="stmt"/>
        <line num="31" count="2" type="stmt"/>
        <line num="35" count="5" type="stmt"/>
        <line num="36" count="5" type="stmt"/>
        <line num="37" count="5" type="stmt"/>
        <line num="41" count="1" type="stmt"/>
      </file>
    </package>
    <package name="ui">
      <metrics statements="59" coveredstatements="59" conditionals="26" coveredconditionals="26" methods="21" coveredmethods="21"/>
      <file name="ReminderWindow.js" path="D:\Projetos\task-bar-reminder\src\ui\ReminderWindow.js">
        <metrics statements="41" coveredstatements="41" conditionals="22" coveredconditionals="22" methods="14" coveredmethods="14"/>
        <line num="1" count="1" type="stmt"/>
        <line num="2" count="1" type="stmt"/>
        <line num="6" count="25" type="stmt"/>
        <line num="7" count="25" type="stmt"/>
        <line num="9" count="25" type="stmt"/>
        <line num="10" count="25" type="stmt"/>
        <line num="11" count="2" type="cond" truecount="2" falsecount="0"/>
        <line num="12" count="1" type="stmt"/>
        <line num="16" count="25" type="stmt"/>
        <line num="20" count="2" type="stmt"/>
        <line num="24" count="13" type="cond" truecount="2" falsecount="0"/>
        <line num="25" count="12" type="stmt"/>
        <line num="28" count="13" type="stmt"/>
        <line num="29" count="13" type="stmt"/>
        <line num="31" count="13" type="stmt"/>
        <line num="38" count="13" type="stmt"/>
        <line num="42" count="2" type="cond" truecount="2" falsecount="0"/>
        <line num="43" count="1" type="stmt"/>
        <line num="48" count="17" type="stmt"/>
        <line num="50" count="17" type="stmt"/>
        <line num="70" count="17" type="stmt"/>
        <line num="72" count="17" type="stmt"/>
        <line num="73" count="1" type="stmt"/>
        <line num="76" count="17" type="stmt"/>
        <line num="77" count="1" type="stmt"/>
        <line num="78" count="1" type="stmt"/>
        <line num="83" count="1" type="stmt"/>
        <line num="84" count="1" type="stmt"/>
        <line num="85" count="1" type="stmt"/>
        <line num="86" count="1" type="stmt"/>
        <line num="88" count="1" type="stmt"/>
        <line num="97" count="25" type="stmt"/>
        <line num="98" count="7" type="cond" truecount="2" falsecount="0"/>
        <line num="100" count="5" type="cond" truecount="4" falsecount="0"/>
        <line num="101" count="4" type="stmt"/>
        <line num="104" count="4" type="stmt"/>
        <line num="105" count="3" type="cond" truecount="4" falsecount="0"/>
        <line num="106" count="1" type="stmt"/>
        <line num="114" count="3" type="cond" truecount="4" falsecount="0"/>
        <line num="115" count="1" type="stmt"/>
        <line num="120" count="1" type="stmt"/>
      </file>
      <file name="Tray.js" path="D:\Projetos\task-bar-reminder\src\ui\Tray.js">
        <metrics statements="18" coveredstatements="18" conditionals="4" coveredconditionals="4" methods="7" coveredmethods="7"/>
        <line num="1" count="1" type="stmt"/>
        <line num="2" count="1" type="stmt"/>
        <line num="6" count="8" type="stmt"/>
        <line num="7" count="8" type="stmt"/>
        <line num="11" count="7" type="stmt"/>
        <line num="15" count="7" type="stmt"/>
        <line num="16" count="7" type="stmt"/>
        <line num="20" count="2" type="stmt"/>
        <line num="24" count="12" type="stmt"/>
        <line num="27" count="2" type="cond" truecount="2" falsecount="0"/>
        <line num="28" count="1" type="stmt"/>
        <line num="33" count="12" type="cond" truecount="2" falsecount="0"/>
        <line num="34" count="3" type="stmt"/>
        <line num="37" count="12" type="stmt"/>
        <line num="39" count="1" type="stmt"/>
        <line num="42" count="12" type="stmt"/>
        <line num="43" count="12" type="stmt"/>
        <line num="47" count="1" type="stmt"/>
      </file>
    </package>
  </project>
</coverage>
