{"D:\\Projetos\\task-bar-reminder\\src\\core\\AudioPlayer.js": {"path":"D:\\Projetos\\task-bar-reminder\\src\\core\\AudioPlayer.js","statementMap":{"0":{"start":{"line":1,"column":18},"end":{"line":1,"column":42}},"1":{"start":{"line":2,"column":13},"end":{"line":2,"column":28}},"2":{"start":{"line":3,"column":11},"end":{"line":3,"column":24}},"3":{"start":{"line":5,"column":19},"end":{"line":5,"column":61}},"4":{"start":{"line":9,"column":4},"end":{"line":9,"column":33}},"5":{"start":{"line":10,"column":4},"end":{"line":10,"column":31}},"6":{"start":{"line":14,"column":4},"end":{"line":49,"column":7}},"7":{"start":{"line":15,"column":6},"end":{"line":15,"column":18}},"8":{"start":{"line":17,"column":6},"end":{"line":21,"column":7}},"9":{"start":{"line":18,"column":8},"end":{"line":18,"column":64}},"10":{"start":{"line":19,"column":8},"end":{"line":19,"column":18}},"11":{"start":{"line":20,"column":8},"end":{"line":20,"column":15}},"12":{"start":{"line":23,"column":6},"end":{"line":27,"column":7}},"13":{"start":{"line":24,"column":8},"end":{"line":24,"column":59}},"14":{"start":{"line":25,"column":8},"end":{"line":25,"column":18}},"15":{"start":{"line":26,"column":8},"end":{"line":26,"column":15}},"16":{"start":{"line":29,"column":6},"end":{"line":37,"column":9}},"17":{"start":{"line":39,"column":6},"end":{"line":43,"column":9}},"18":{"start":{"line":40,"column":8},"end":{"line":40,"column":60}},"19":{"start":{"line":41,"column":8},"end":{"line":41,"column":35}},"20":{"start":{"line":42,"column":8},"end":{"line":42,"column":18}},"21":{"start":{"line":45,"column":6},"end":{"line":48,"column":9}},"22":{"start":{"line":46,"column":8},"end":{"line":46,"column":35}},"23":{"start":{"line":47,"column":8},"end":{"line":47,"column":18}},"24":{"start":{"line":53,"column":4},"end":{"line":56,"column":5}},"25":{"start":{"line":54,"column":6},"end":{"line":54,"column":33}},"26":{"start":{"line":55,"column":6},"end":{"line":55,"column":33}},"27":{"start":{"line":60,"column":4},"end":{"line":62,"column":5}},"28":{"start":{"line":61,"column":6},"end":{"line":61,"column":18}},"29":{"start":{"line":64,"column":18},"end":{"line":68,"column":6}},"30":{"start":{"line":65,"column":6},"end":{"line":65,"column":47}},"31":{"start":{"line":65,"column":34},"end":{"line":65,"column":47}},"32":{"start":{"line":66,"column":19},"end":{"line":66,"column":43}},"33":{"start":{"line":67,"column":6},"end":{"line":67,"column":128}},"34":{"start":{"line":70,"column":4},"end":{"line":72,"column":5}},"35":{"start":{"line":71,"column":6},"end":{"line":71,"column":18}},"36":{"start":{"line":74,"column":19},"end":{"line":74,"column":66}},"37":{"start":{"line":75,"column":4},"end":{"line":75,"column":41}},"38":{"start":{"line":79,"column":4},"end":{"line":79,"column":54}},"39":{"start":{"line":83,"column":0},"end":{"line":83,"column":29}}},"fnMap":{"0":{"name":"(anonymous_0)","decl":{"start":{"line":8,"column":2},"end":{"line":8,"column":3}},"loc":{"start":{"line":8,"column":26},"end":{"line":11,"column":3}},"line":8},"1":{"name":"(anonymous_1)","decl":{"start":{"line":13,"column":2},"end":{"line":13,"column":3}},"loc":{"start":{"line":13,"column":18},"end":{"line":50,"column":3}},"line":13},"2":{"name":"(anonymous_2)","decl":{"start":{"line":14,"column":23},"end":{"line":14,"column":24}},"loc":{"start":{"line":14,"column":36},"end":{"line":49,"column":5}},"line":14},"3":{"name":"(anonymous_3)","decl":{"start":{"line":39,"column":38},"end":{"line":39,"column":39}},"loc":{"start":{"line":39,"column":47},"end":{"line":43,"column":7}},"line":39},"4":{"name":"(anonymous_4)","decl":{"start":{"line":45,"column":37},"end":{"line":45,"column":38}},"loc":{"start":{"line":45,"column":43},"end":{"line":48,"column":7}},"line":45},"5":{"name":"(anonymous_5)","decl":{"start":{"line":52,"column":2},"end":{"line":52,"column":3}},"loc":{"start":{"line":52,"column":9},"end":{"line":57,"column":3}},"line":52},"6":{"name":"(anonymous_6)","decl":{"start":{"line":59,"column":2},"end":{"line":59,"column":3}},"loc":{"start":{"line":59,"column":23},"end":{"line":76,"column":3}},"line":59},"7":{"name":"(anonymous_7)","decl":{"start":{"line":64,"column":52},"end":{"line":64,"column":53}},"loc":{"start":{"line":64,"column":62},"end":{"line":68,"column":5}},"line":64}},"branchMap":{"0":{"loc":{"start":{"line":17,"column":6},"end":{"line":21,"column":7}},"type":"if","locations":[{"start":{"line":17,"column":6},"end":{"line":21,"column":7}},{"start":{},"end":{}}],"line":17},"1":{"loc":{"start":{"line":17,"column":10},"end":{"line":17,"column":61}},"type":"binary-expr","locations":[{"start":{"line":17,"column":10},"end":{"line":17,"column":26}},{"start":{"line":17,"column":30},"end":{"line":17,"column":61}}],"line":17},"2":{"loc":{"start":{"line":23,"column":6},"end":{"line":27,"column":7}},"type":"if","locations":[{"start":{"line":23,"column":6},"end":{"line":27,"column":7}},{"start":{},"end":{}}],"line":23},"3":{"loc":{"start":{"line":53,"column":4},"end":{"line":56,"column":5}},"type":"if","locations":[{"start":{"line":53,"column":4},"end":{"line":56,"column":5}},{"start":{},"end":{}}],"line":53},"4":{"loc":{"start":{"line":60,"column":4},"end":{"line":62,"column":5}},"type":"if","locations":[{"start":{"line":60,"column":4},"end":{"line":62,"column":5}},{"start":{},"end":{}}],"line":60},"5":{"loc":{"start":{"line":65,"column":6},"end":{"line":65,"column":47}},"type":"if","locations":[{"start":{"line":65,"column":6},"end":{"line":65,"column":47}},{"start":{},"end":{}}],"line":65},"6":{"loc":{"start":{"line":67,"column":13},"end":{"line":67,"column":127}},"type":"binary-expr","locations":[{"start":{"line":67,"column":13},"end":{"line":67,"column":39}},{"start":{"line":67,"column":43},"end":{"line":67,"column":127}}],"line":67},"7":{"loc":{"start":{"line":70,"column":4},"end":{"line":72,"column":5}},"type":"if","locations":[{"start":{"line":70,"column":4},"end":{"line":72,"column":5}},{"start":{},"end":{}}],"line":70}},"s":{"0":1,"1":1,"2":1,"3":1,"4":15,"5":15,"6":7,"7":7,"8":7,"9":2,"10":2,"11":2,"12":5,"13":1,"14":1,"15":1,"16":4,"17":4,"18":1,"19":1,"20":1,"21":4,"22":3,"23":3,"24":9,"25":2,"26":2,"27":6,"28":1,"29":5,"30":11,"31":3,"32":8,"33":8,"34":5,"35":1,"36":4,"37":4,"38":8,"39":1},"f":{"0":15,"1":7,"2":7,"3":1,"4":3,"5":9,"6":6,"7":11},"b":{"0":[2,5],"1":[7,6],"2":[1,4],"3":[2,7],"4":[1,5],"5":[3,8],"6":[8,4],"7":[1,4]},"_coverageSchema":"1a1c01bbd47fc00a2c39e90264f33305004495a9","hash":"ecbda97d3c37d4977bdfe8f7a52769b8e98e14b4"}
,"D:\\Projetos\\task-bar-reminder\\src\\core\\ConfigLoader.js": {"path":"D:\\Projetos\\task-bar-reminder\\src\\core\\ConfigLoader.js","statementMap":{"0":{"start":{"line":1,"column":11},"end":{"line":1,"column":24}},"1":{"start":{"line":2,"column":13},"end":{"line":2,"column":28}},"2":{"start":{"line":3,"column":13},"end":{"line":3,"column":33}},"3":{"start":{"line":5,"column":20},"end":{"line":5,"column":67}},"4":{"start":{"line":7,"column":17},"end":{"line":12,"column":1}},"5":{"start":{"line":16,"column":16},"end":{"line":16,"column":40}},"6":{"start":{"line":17,"column":19},"end":{"line":17,"column":51}},"7":{"start":{"line":18,"column":4},"end":{"line":18,"column":35}},"8":{"start":{"line":19,"column":4},"end":{"line":19,"column":18}},"9":{"start":{"line":23,"column":4},"end":{"line":25,"column":5}},"10":{"start":{"line":24,"column":6},"end":{"line":24,"column":63}},"11":{"start":{"line":27,"column":20},"end":{"line":27,"column":56}},"12":{"start":{"line":29,"column":4},"end":{"line":33,"column":5}},"13":{"start":{"line":30,"column":6},"end":{"line":30,"column":33}},"14":{"start":{"line":32,"column":6},"end":{"line":32,"column":69}},"15":{"start":{"line":37,"column":4},"end":{"line":41,"column":6}},"16":{"start":{"line":45,"column":4},"end":{"line":47,"column":5}},"17":{"start":{"line":46,"column":6},"end":{"line":46,"column":89}},"18":{"start":{"line":49,"column":16},"end":{"line":49,"column":25}},"19":{"start":{"line":51,"column":4},"end":{"line":76,"column":5}},"20":{"start":{"line":52,"column":6},"end":{"line":54,"column":7}},"21":{"start":{"line":53,"column":8},"end":{"line":53,"column":65}},"22":{"start":{"line":56,"column":6},"end":{"line":58,"column":7}},"23":{"start":{"line":57,"column":8},"end":{"line":57,"column":67}},"24":{"start":{"line":59,"column":6},"end":{"line":59,"column":27}},"25":{"start":{"line":61,"column":6},"end":{"line":63,"column":7}},"26":{"start":{"line":62,"column":8},"end":{"line":62,"column":80}},"27":{"start":{"line":65,"column":6},"end":{"line":67,"column":7}},"28":{"start":{"line":66,"column":8},"end":{"line":66,"column":79}},"29":{"start":{"line":69,"column":6},"end":{"line":71,"column":7}},"30":{"start":{"line":70,"column":8},"end":{"line":70,"column":101}},"31":{"start":{"line":73,"column":6},"end":{"line":75,"column":7}},"32":{"start":{"line":74,"column":8},"end":{"line":74,"column":82}},"33":{"start":{"line":78,"column":4},"end":{"line":80,"column":5}},"34":{"start":{"line":79,"column":6},"end":{"line":79,"column":75}},"35":{"start":{"line":82,"column":4},"end":{"line":84,"column":5}},"36":{"start":{"line":83,"column":6},"end":{"line":83,"column":72}},"37":{"start":{"line":88,"column":0},"end":{"line":88,"column":30}}},"fnMap":{"0":{"name":"(anonymous_0)","decl":{"start":{"line":15,"column":2},"end":{"line":15,"column":3}},"loc":{"start":{"line":15,"column":16},"end":{"line":20,"column":3}},"line":15}},"branchMap":{"0":{"loc":{"start":{"line":23,"column":4},"end":{"line":25,"column":5}},"type":"if","locations":[{"start":{"line":23,"column":4},"end":{"line":25,"column":5}},{"start":{},"end":{}}],"line":23},"1":{"loc":{"start":{"line":45,"column":4},"end":{"line":47,"column":5}},"type":"if","locations":[{"start":{"line":45,"column":4},"end":{"line":47,"column":5}},{"start":{},"end":{}}],"line":45},"2":{"loc":{"start":{"line":45,"column":8},"end":{"line":45,"column":94}},"type":"binary-expr","locations":[{"start":{"line":45,"column":8},"end":{"line":45,"column":25}},{"start":{"line":45,"column":29},"end":{"line":45,"column":61}},{"start":{"line":45,"column":65},"end":{"line":45,"column":94}}],"line":45},"3":{"loc":{"start":{"line":52,"column":6},"end":{"line":54,"column":7}},"type":"if","locations":[{"start":{"line":52,"column":6},"end":{"line":54,"column":7}},{"start":{},"end":{}}],"line":52},"4":{"loc":{"start":{"line":52,"column":10},"end":{"line":52,"column":57}},"type":"binary-expr","locations":[{"start":{"line":52,"column":10},"end":{"line":52,"column":22}},{"start":{"line":52,"column":26},"end":{"line":52,"column":57}}],"line":52},"5":{"loc":{"start":{"line":56,"column":6},"end":{"line":58,"column":7}},"type":"if","locations":[{"start":{"line":56,"column":6},"end":{"line":58,"column":7}},{"start":{},"end":{}}],"line":56},"6":{"loc":{"start":{"line":61,"column":6},"end":{"line":63,"column":7}},"type":"if","locations":[{"start":{"line":61,"column":6},"end":{"line":63,"column":7}},{"start":{},"end":{}}],"line":61},"7":{"loc":{"start":{"line":61,"column":10},"end":{"line":61,"column":63}},"type":"binary-expr","locations":[{"start":{"line":61,"column":10},"end":{"line":61,"column":25}},{"start":{"line":61,"column":29},"end":{"line":61,"column":63}}],"line":61},"8":{"loc":{"start":{"line":65,"column":6},"end":{"line":67,"column":7}},"type":"if","locations":[{"start":{"line":65,"column":6},"end":{"line":67,"column":7}},{"start":{},"end":{}}],"line":65},"9":{"loc":{"start":{"line":65,"column":10},"end":{"line":65,"column":61}},"type":"binary-expr","locations":[{"start":{"line":65,"column":10},"end":{"line":65,"column":24}},{"start":{"line":65,"column":28},"end":{"line":65,"column":61}}],"line":65},"10":{"loc":{"start":{"line":69,"column":6},"end":{"line":71,"column":7}},"type":"if","locations":[{"start":{"line":69,"column":6},"end":{"line":71,"column":7}},{"start":{},"end":{}}],"line":69},"11":{"loc":{"start":{"line":73,"column":6},"end":{"line":75,"column":7}},"type":"if","locations":[{"start":{"line":73,"column":6},"end":{"line":75,"column":7}},{"start":{},"end":{}}],"line":73},"12":{"loc":{"start":{"line":73,"column":10},"end":{"line":73,"column":88}},"type":"binary-expr","locations":[{"start":{"line":73,"column":10},"end":{"line":73,"column":44}},{"start":{"line":73,"column":48},"end":{"line":73,"column":88}}],"line":73},"13":{"loc":{"start":{"line":78,"column":4},"end":{"line":80,"column":5}},"type":"if","locations":[{"start":{"line":78,"column":4},"end":{"line":80,"column":5}},{"start":{},"end":{}}],"line":78},"14":{"loc":{"start":{"line":78,"column":8},"end":{"line":78,"column":84}},"type":"binary-expr","locations":[{"start":{"line":78,"column":8},"end":{"line":78,"column":52}},{"start":{"line":78,"column":56},"end":{"line":78,"column":84}}],"line":78},"15":{"loc":{"start":{"line":82,"column":4},"end":{"line":84,"column":5}},"type":"if","locations":[{"start":{"line":82,"column":4},"end":{"line":84,"column":5}},{"start":{},"end":{}}],"line":82},"16":{"loc":{"start":{"line":82,"column":8},"end":{"line":82,"column":78}},"type":"binary-expr","locations":[{"start":{"line":82,"column":8},"end":{"line":82,"column":49}},{"start":{"line":82,"column":53},"end":{"line":82,"column":78}}],"line":82}},"s":{"0":1,"1":1,"2":1,"3":1,"4":1,"5":25,"6":23,"7":23,"8":7,"9":25,"10":1,"11":24,"12":24,"13":24,"14":1,"15":23,"16":23,"17":3,"18":20,"19":20,"20":21,"21":2,"22":19,"23":1,"24":18,"25":18,"26":2,"27":16,"28":2,"29":14,"30":1,"31":13,"32":1,"33":11,"34":2,"35":9,"36":2,"37":1},"f":{"0":25},"b":{"0":[1,24],"1":[3,20],"2":[23,22,21],"3":[2,19],"4":[21,20],"5":[1,18],"6":[2,16],"7":[18,17],"8":[2,14],"9":[16,15],"10":[1,13],"11":[1,12],"12":[13,2],"13":[2,9],"14":[11,10],"15":[2,7],"16":[9,8]},"_coverageSchema":"1a1c01bbd47fc00a2c39e90264f33305004495a9","hash":"31b026474e3f8c053446f356642d7c3cb621ca1a"}
,"D:\\Projetos\\task-bar-reminder\\src\\core\\ReminderService.js": {"path":"D:\\Projetos\\task-bar-reminder\\src\\core\\ReminderService.js","statementMap":{"0":{"start":{"line":1,"column":25},"end":{"line":4,"column":1}},"1":{"start":{"line":8,"column":4},"end":{"line":8,"column":31}},"2":{"start":{"line":9,"column":4},"end":{"line":9,"column":41}},"3":{"start":{"line":10,"column":4},"end":{"line":10,"column":33}},"4":{"start":{"line":11,"column":4},"end":{"line":11,"column":35}},"5":{"start":{"line":12,"column":4},"end":{"line":12,"column":25}},"6":{"start":{"line":14,"column":4},"end":{"line":14,"column":20}},"7":{"start":{"line":15,"column":4},"end":{"line":15,"column":28}},"8":{"start":{"line":16,"column":4},"end":{"line":16,"column":37}},"9":{"start":{"line":20,"column":4},"end":{"line":22,"column":5}},"10":{"start":{"line":21,"column":6},"end":{"line":21,"column":41}},"11":{"start":{"line":26,"column":25},"end":{"line":26,"column":75}},"12":{"start":{"line":28,"column":4},"end":{"line":39,"column":5}},"13":{"start":{"line":29,"column":24},"end":{"line":29,"column":69}},"14":{"start":{"line":31,"column":6},"end":{"line":35,"column":7}},"15":{"start":{"line":32,"column":8},"end":{"line":32,"column":29}},"16":{"start":{"line":33,"column":8},"end":{"line":33,"column":37}},"17":{"start":{"line":34,"column":8},"end":{"line":34,"column":15}},"18":{"start":{"line":37,"column":6},"end":{"line":37,"column":49}},"19":{"start":{"line":38,"column":6},"end":{"line":38,"column":13}},"20":{"start":{"line":41,"column":4},"end":{"line":41,"column":33}},"21":{"start":{"line":45,"column":25},"end":{"line":45,"column":70}},"22":{"start":{"line":46,"column":18},"end":{"line":46,"column":53}},"23":{"start":{"line":48,"column":4},"end":{"line":48,"column":77}},"24":{"start":{"line":49,"column":4},"end":{"line":49,"column":43}},"25":{"start":{"line":53,"column":16},"end":{"line":53,"column":40}},"26":{"start":{"line":55,"column":4},"end":{"line":57,"column":5}},"27":{"start":{"line":56,"column":6},"end":{"line":56,"column":50}},"28":{"start":{"line":59,"column":20},"end":{"line":63,"column":26}},"29":{"start":{"line":60,"column":6},"end":{"line":60,"column":39}},"30":{"start":{"line":61,"column":6},"end":{"line":61,"column":27}},"31":{"start":{"line":62,"column":6},"end":{"line":62,"column":35}},"32":{"start":{"line":65,"column":4},"end":{"line":65,"column":43}},"33":{"start":{"line":69,"column":4},"end":{"line":69,"column":30}},"34":{"start":{"line":70,"column":4},"end":{"line":70,"column":25}},"35":{"start":{"line":74,"column":4},"end":{"line":74,"column":59}},"36":{"start":{"line":74,"column":52},"end":{"line":74,"column":59}},"37":{"start":{"line":76,"column":4},"end":{"line":76,"column":27}},"38":{"start":{"line":77,"column":21},"end":{"line":77,"column":39}},"39":{"start":{"line":79,"column":24},"end":{"line":79,"column":75}},"40":{"start":{"line":80,"column":4},"end":{"line":82,"column":5}},"41":{"start":{"line":81,"column":6},"end":{"line":81,"column":47}},"42":{"start":{"line":84,"column":4},"end":{"line":84,"column":66}},"43":{"start":{"line":86,"column":4},"end":{"line":86,"column":28}},"44":{"start":{"line":87,"column":4},"end":{"line":87,"column":25}},"45":{"start":{"line":91,"column":21},"end":{"line":91,"column":75}},"46":{"start":{"line":91,"column":55},"end":{"line":91,"column":74}},"47":{"start":{"line":92,"column":4},"end":{"line":92,"column":26}},"48":{"start":{"line":92,"column":19},"end":{"line":92,"column":26}},"49":{"start":{"line":94,"column":4},"end":{"line":106,"column":5}},"50":{"start":{"line":95,"column":24},"end":{"line":95,"column":72}},"51":{"start":{"line":96,"column":6},"end":{"line":98,"column":7}},"52":{"start":{"line":97,"column":8},"end":{"line":97,"column":47}},"53":{"start":{"line":99,"column":11},"end":{"line":106,"column":5}},"54":{"start":{"line":100,"column":26},"end":{"line":100,"column":76}},"55":{"start":{"line":101,"column":6},"end":{"line":103,"column":7}},"56":{"start":{"line":102,"column":8},"end":{"line":102,"column":49}},"57":{"start":{"line":105,"column":6},"end":{"line":105,"column":66}},"58":{"start":{"line":110,"column":4},"end":{"line":113,"column":8}},"59":{"start":{"line":110,"column":45},"end":{"line":113,"column":5}},"60":{"start":{"line":117,"column":0},"end":{"line":117,"column":33}}},"fnMap":{"0":{"name":"(anonymous_0)","decl":{"start":{"line":7,"column":2},"end":{"line":7,"column":3}},"loc":{"start":{"line":7,"column":78},"end":{"line":17,"column":3}},"line":7},"1":{"name":"(anonymous_1)","decl":{"start":{"line":19,"column":2},"end":{"line":19,"column":3}},"loc":{"start":{"line":19,"column":16},"end":{"line":23,"column":3}},"line":19},"2":{"name":"(anonymous_2)","decl":{"start":{"line":59,"column":31},"end":{"line":59,"column":32}},"loc":{"start":{"line":59,"column":37},"end":{"line":63,"column":5}},"line":59},"3":{"name":"(anonymous_3)","decl":{"start":{"line":90,"column":2},"end":{"line":90,"column":3}},"loc":{"start":{"line":90,"column":44},"end":{"line":107,"column":3}},"line":90},"4":{"name":"(anonymous_4)","decl":{"start":{"line":91,"column":48},"end":{"line":91,"column":49}},"loc":{"start":{"line":91,"column":55},"end":{"line":91,"column":74}},"line":91},"5":{"name":"(anonymous_5)","decl":{"start":{"line":109,"column":2},"end":{"line":109,"column":3}},"loc":{"start":{"line":109,"column":23},"end":{"line":114,"column":3}},"line":109},"6":{"name":"(anonymous_6)","decl":{"start":{"line":110,"column":37},"end":{"line":110,"column":38}},"loc":{"start":{"line":110,"column":45},"end":{"line":113,"column":5}},"line":110}},"branchMap":{"0":{"loc":{"start":{"line":28,"column":4},"end":{"line":39,"column":5}},"type":"if","locations":[{"start":{"line":28,"column":4},"end":{"line":39,"column":5}},{"start":{},"end":{}}],"line":28},"1":{"loc":{"start":{"line":31,"column":6},"end":{"line":35,"column":7}},"type":"if","locations":[{"start":{"line":31,"column":6},"end":{"line":35,"column":7}},{"start":{},"end":{}}],"line":31},"2":{"loc":{"start":{"line":55,"column":4},"end":{"line":57,"column":5}},"type":"if","locations":[{"start":{"line":55,"column":4},"end":{"line":57,"column":5}},{"start":{},"end":{}}],"line":55},"3":{"loc":{"start":{"line":74,"column":4},"end":{"line":74,"column":59}},"type":"if","locations":[{"start":{"line":74,"column":4},"end":{"line":74,"column":59}},{"start":{},"end":{}}],"line":74},"4":{"loc":{"start":{"line":74,"column":8},"end":{"line":74,"column":50}},"type":"binary-expr","locations":[{"start":{"line":74,"column":8},"end":{"line":74,"column":23}},{"start":{"line":74,"column":27},"end":{"line":74,"column":50}}],"line":74},"5":{"loc":{"start":{"line":80,"column":4},"end":{"line":82,"column":5}},"type":"if","locations":[{"start":{"line":80,"column":4},"end":{"line":82,"column":5}},{"start":{},"end":{}}],"line":80},"6":{"loc":{"start":{"line":92,"column":4},"end":{"line":92,"column":26}},"type":"if","locations":[{"start":{"line":92,"column":4},"end":{"line":92,"column":26}},{"start":{},"end":{}}],"line":92},"7":{"loc":{"start":{"line":94,"column":4},"end":{"line":106,"column":5}},"type":"if","locations":[{"start":{"line":94,"column":4},"end":{"line":106,"column":5}},{"start":{"line":99,"column":11},"end":{"line":106,"column":5}}],"line":94},"8":{"loc":{"start":{"line":96,"column":6},"end":{"line":98,"column":7}},"type":"if","locations":[{"start":{"line":96,"column":6},"end":{"line":98,"column":7}},{"start":{},"end":{}}],"line":96},"9":{"loc":{"start":{"line":99,"column":11},"end":{"line":106,"column":5}},"type":"if","locations":[{"start":{"line":99,"column":11},"end":{"line":106,"column":5}},{"start":{},"end":{}}],"line":99},"10":{"loc":{"start":{"line":101,"column":6},"end":{"line":103,"column":7}},"type":"if","locations":[{"start":{"line":101,"column":6},"end":{"line":103,"column":7}},{"start":{},"end":{}}],"line":101}},"s":{"0":1,"1":15,"2":15,"3":15,"4":15,"5":15,"6":15,"7":15,"8":15,"9":6,"10":12,"11":12,"12":12,"13":4,"14":4,"15":2,"16":2,"17":2,"18":2,"19":2,"20":8,"21":14,"22":14,"23":14,"24":14,"25":21,"26":21,"27":1,"28":21,"29":4,"30":4,"31":4,"32":21,"33":6,"34":6,"35":12,"36":6,"37":6,"38":6,"39":6,"40":6,"41":2,"42":6,"43":6,"44":6,"45":9,"46":10,"47":9,"48":1,"49":8,"50":2,"51":2,"52":1,"53":6,"54":5,"55":5,"56":1,"57":5,"58":1,"59":2,"60":1},"f":{"0":15,"1":6,"2":4,"3":9,"4":10,"5":1,"6":2},"b":{"0":[4,8],"1":[2,2],"2":[1,20],"3":[6,6],"4":[12,12],"5":[2,4],"6":[1,8],"7":[2,6],"8":[1,1],"9":[5,1],"10":[1,4]},"_coverageSchema":"1a1c01bbd47fc00a2c39e90264f33305004495a9","hash":"53f2e02125a869251e20f5906cd39a3ba2a6a169"}
,"D:\\Projetos\\task-bar-reminder\\src\\core\\Scheduler.js": {"path":"D:\\Projetos\\task-bar-reminder\\src\\core\\Scheduler.js","statementMap":{"0":{"start":{"line":1,"column":13},"end":{"line":1,"column":33}},"1":{"start":{"line":2,"column":33},"end":{"line":2,"column":55}},"2":{"start":{"line":6,"column":4},"end":{"line":6,"column":27}},"3":{"start":{"line":10,"column":4},"end":{"line":10,"column":20}},"4":{"start":{"line":12,"column":20},"end":{"line":12,"column":55}},"5":{"start":{"line":13,"column":17},"end":{"line":13,"column":65}},"6":{"start":{"line":14,"column":4},"end":{"line":14,"column":29}},"7":{"start":{"line":18,"column":17},"end":{"line":18,"column":35}},"8":{"start":{"line":19,"column":4},"end":{"line":22,"column":5}},"9":{"start":{"line":20,"column":6},"end":{"line":20,"column":18}},"10":{"start":{"line":21,"column":6},"end":{"line":21,"column":28}},"11":{"start":{"line":26,"column":4},"end":{"line":28,"column":5}},"12":{"start":{"line":27,"column":6},"end":{"line":27,"column":22}},"13":{"start":{"line":32,"column":20},"end":{"line":32,"column":55}},"14":{"start":{"line":33,"column":21},"end":{"line":33,"column":72}},"15":{"start":{"line":34,"column":4},"end":{"line":34,"column":36}},"16":{"start":{"line":38,"column":4},"end":{"line":38,"column":30}},"17":{"start":{"line":42,"column":0},"end":{"line":42,"column":27}}},"fnMap":{"0":{"name":"(anonymous_0)","decl":{"start":{"line":5,"column":2},"end":{"line":5,"column":3}},"loc":{"start":{"line":5,"column":16},"end":{"line":7,"column":3}},"line":5},"1":{"name":"(anonymous_1)","decl":{"start":{"line":9,"column":2},"end":{"line":9,"column":3}},"loc":{"start":{"line":9,"column":46},"end":{"line":15,"column":3}},"line":9},"2":{"name":"(anonymous_2)","decl":{"start":{"line":17,"column":2},"end":{"line":17,"column":3}},"loc":{"start":{"line":17,"column":13},"end":{"line":23,"column":3}},"line":17},"3":{"name":"(anonymous_3)","decl":{"start":{"line":25,"column":2},"end":{"line":25,"column":3}},"loc":{"start":{"line":25,"column":14},"end":{"line":29,"column":3}},"line":25},"4":{"name":"(anonymous_4)","decl":{"start":{"line":31,"column":2},"end":{"line":31,"column":3}},"loc":{"start":{"line":31,"column":44},"end":{"line":35,"column":3}},"line":31},"5":{"name":"(anonymous_5)","decl":{"start":{"line":37,"column":2},"end":{"line":37,"column":3}},"loc":{"start":{"line":37,"column":10},"end":{"line":39,"column":3}},"line":37}},"branchMap":{"0":{"loc":{"start":{"line":12,"column":20},"end":{"line":12,"column":55}},"type":"cond-expr","locations":[{"start":{"line":12,"column":31},"end":{"line":12,"column":43}},{"start":{"line":12,"column":46},"end":{"line":12,"column":55}}],"line":12},"1":{"loc":{"start":{"line":19,"column":4},"end":{"line":22,"column":5}},"type":"if","locations":[{"start":{"line":19,"column":4},"end":{"line":22,"column":5}},{"start":{},"end":{}}],"line":19},"2":{"loc":{"start":{"line":32,"column":20},"end":{"line":32,"column":55}},"type":"cond-expr","locations":[{"start":{"line":32,"column":31},"end":{"line":32,"column":43}},{"start":{"line":32,"column":46},"end":{"line":32,"column":55}}],"line":32}},"s":{"0":1,"1":1,"2":11,"3":8,"4":8,"5":8,"6":8,"7":12,"8":12,"9":4,"10":4,"11":2,"12":2,"13":2,"14":2,"15":2,"16":7,"17":1},"f":{"0":11,"1":8,"2":12,"3":2,"4":2,"5":7},"b":{"0":[1,7],"1":[4,8],"2":[1,1]},"_coverageSchema":"1a1c01bbd47fc00a2c39e90264f33305004495a9","hash":"3e853600b27835a83ee3d2334d092e791daaec6b"}
,"D:\\Projetos\\task-bar-reminder\\src\\core\\StateStore.js": {"path":"D:\\Projetos\\task-bar-reminder\\src\\core\\StateStore.js","statementMap":{"0":{"start":{"line":1,"column":11},"end":{"line":1,"column":33}},"1":{"start":{"line":2,"column":13},"end":{"line":2,"column":28}},"2":{"start":{"line":4,"column":19},"end":{"line":4,"column":73}},"3":{"start":{"line":8,"column":4},"end":{"line":14,"column":5}},"4":{"start":{"line":9,"column":22},"end":{"line":9,"column":59}},"5":{"start":{"line":10,"column":19},"end":{"line":10,"column":46}},"6":{"start":{"line":11,"column":6},"end":{"line":11,"column":67}},"7":{"start":{"line":13,"column":6},"end":{"line":13,"column":16}},"8":{"start":{"line":18,"column":18},"end":{"line":18,"column":34}},"9":{"start":{"line":19,"column":4},"end":{"line":19,"column":37}},"10":{"start":{"line":23,"column":18},"end":{"line":23,"column":34}},"11":{"start":{"line":24,"column":4},"end":{"line":24,"column":32}},"12":{"start":{"line":25,"column":4},"end":{"line":25,"column":29}},"13":{"start":{"line":29,"column":18},"end":{"line":29,"column":34}},"14":{"start":{"line":30,"column":4},"end":{"line":30,"column":29}},"15":{"start":{"line":31,"column":4},"end":{"line":31,"column":29}},"16":{"start":{"line":35,"column":16},"end":{"line":35,"column":40}},"17":{"start":{"line":36,"column":4},"end":{"line":36,"column":45}},"18":{"start":{"line":37,"column":4},"end":{"line":37,"column":66}},"19":{"start":{"line":41,"column":0},"end":{"line":41,"column":28}}},"fnMap":{"0":{"name":"(anonymous_0)","decl":{"start":{"line":7,"column":2},"end":{"line":7,"column":3}},"loc":{"start":{"line":7,"column":14},"end":{"line":15,"column":3}},"line":7},"1":{"name":"(anonymous_1)","decl":{"start":{"line":17,"column":2},"end":{"line":17,"column":3}},"loc":{"start":{"line":17,"column":36},"end":{"line":20,"column":3}},"line":17},"2":{"name":"(anonymous_2)","decl":{"start":{"line":22,"column":2},"end":{"line":22,"column":3}},"loc":{"start":{"line":22,"column":45},"end":{"line":26,"column":3}},"line":22},"3":{"name":"(anonymous_3)","decl":{"start":{"line":28,"column":2},"end":{"line":28,"column":3}},"loc":{"start":{"line":28,"column":38},"end":{"line":32,"column":3}},"line":28}},"branchMap":{"0":{"loc":{"start":{"line":10,"column":30},"end":{"line":10,"column":45}},"type":"binary-expr","locations":[{"start":{"line":10,"column":30},"end":{"line":10,"column":37}},{"start":{"line":10,"column":41},"end":{"line":10,"column":45}}],"line":10},"1":{"loc":{"start":{"line":11,"column":13},"end":{"line":11,"column":66}},"type":"cond-expr","locations":[{"start":{"line":11,"column":57},"end":{"line":11,"column":61}},{"start":{"line":11,"column":64},"end":{"line":11,"column":66}}],"line":11},"2":{"loc":{"start":{"line":11,"column":13},"end":{"line":11,"column":54}},"type":"binary-expr","locations":[{"start":{"line":11,"column":13},"end":{"line":11,"column":37}},{"start":{"line":11,"column":41},"end":{"line":11,"column":54}}],"line":11},"3":{"loc":{"start":{"line":19,"column":11},"end":{"line":19,"column":36}},"type":"binary-expr","locations":[{"start":{"line":19,"column":11},"end":{"line":19,"column":28}},{"start":{"line":19,"column":32},"end":{"line":19,"column":36}}],"line":19}},"s":{"0":1,"1":1,"2":1,"3":12,"4":12,"5":11,"6":10,"7":2,"8":2,"9":2,"10":3,"11":3,"12":3,"13":2,"14":2,"15":2,"16":5,"17":5,"18":5,"19":1},"f":{"0":12,"1":2,"2":3,"3":2},"b":{"0":[11,1],"1":[9,1],"2":[10,9],"3":[2,1]},"_coverageSchema":"1a1c01bbd47fc00a2c39e90264f33305004495a9","hash":"b9422d4dfb45844c0333e281ef526b81f76024e5"}
,"D:\\Projetos\\task-bar-reminder\\src\\ui\\ReminderWindow.js": {"path":"D:\\Projetos\\task-bar-reminder\\src\\ui\\ReminderWindow.js","statementMap":{"0":{"start":{"line":1,"column":43},"end":{"line":1,"column":62}},"1":{"start":{"line":2,"column":13},"end":{"line":2,"column":28}},"2":{"start":{"line":6,"column":4},"end":{"line":6,"column":25}},"3":{"start":{"line":7,"column":4},"end":{"line":7,"column":23}},"4":{"start":{"line":9,"column":4},"end":{"line":9,"column":50}},"5":{"start":{"line":10,"column":4},"end":{"line":14,"column":7}},"6":{"start":{"line":11,"column":6},"end":{"line":13,"column":7}},"7":{"start":{"line":12,"column":8},"end":{"line":12,"column":42}},"8":{"start":{"line":16,"column":4},"end":{"line":16,"column":30}},"9":{"start":{"line":20,"column":4},"end":{"line":20,"column":29}},"10":{"start":{"line":24,"column":4},"end":{"line":26,"column":5}},"11":{"start":{"line":25,"column":6},"end":{"line":25,"column":26}},"12":{"start":{"line":28,"column":4},"end":{"line":28,"column":31}},"13":{"start":{"line":29,"column":4},"end":{"line":29,"column":24}},"14":{"start":{"line":31,"column":17},"end":{"line":36,"column":5}},"15":{"start":{"line":38,"column":4},"end":{"line":38,"column":56}},"16":{"start":{"line":42,"column":4},"end":{"line":44,"column":5}},"17":{"start":{"line":43,"column":6},"end":{"line":43,"column":66}},"18":{"start":{"line":48,"column":30},"end":{"line":48,"column":48}},"19":{"start":{"line":50,"column":4},"end":{"line":68,"column":7}},"20":{"start":{"line":70,"column":4},"end":{"line":70,"column":64}},"21":{"start":{"line":72,"column":4},"end":{"line":74,"column":7}},"22":{"start":{"line":73,"column":6},"end":{"line":73,"column":28}},"23":{"start":{"line":76,"column":4},"end":{"line":79,"column":7}},"24":{"start":{"line":77,"column":6},"end":{"line":77,"column":29}},"25":{"start":{"line":78,"column":6},"end":{"line":78,"column":25}},"26":{"start":{"line":83,"column":22},"end":{"line":83,"column":40}},"27":{"start":{"line":84,"column":20},"end":{"line":84,"column":46}},"28":{"start":{"line":85,"column":57},"end":{"line":85,"column":77}},"29":{"start":{"line":86,"column":26},"end":{"line":86,"column":57}},"30":{"start":{"line":88,"column":4},"end":{"line":93,"column":7}},"31":{"start":{"line":97,"column":4},"end":{"line":110,"column":13}},"32":{"start":{"line":98,"column":6},"end":{"line":98,"column":31}},"33":{"start":{"line":98,"column":24},"end":{"line":98,"column":31}},"34":{"start":{"line":100,"column":6},"end":{"line":109,"column":7}},"35":{"start":{"line":101,"column":25},"end":{"line":103,"column":9}},"36":{"start":{"line":104,"column":8},"end":{"line":108,"column":27}},"37":{"start":{"line":105,"column":10},"end":{"line":107,"column":11}},"38":{"start":{"line":106,"column":12},"end":{"line":106,"column":39}},"39":{"start":{"line":114,"column":4},"end":{"line":116,"column":5}},"40":{"start":{"line":115,"column":6},"end":{"line":115,"column":25}},"41":{"start":{"line":120,"column":0},"end":{"line":120,"column":32}}},"fnMap":{"0":{"name":"(anonymous_0)","decl":{"start":{"line":5,"column":2},"end":{"line":5,"column":3}},"loc":{"start":{"line":5,"column":22},"end":{"line":17,"column":3}},"line":5},"1":{"name":"(anonymous_1)","decl":{"start":{"line":10,"column":34},"end":{"line":10,"column":35}},"loc":{"start":{"line":10,"column":61},"end":{"line":14,"column":5}},"line":10},"2":{"name":"(anonymous_2)","decl":{"start":{"line":19,"column":2},"end":{"line":19,"column":3}},"loc":{"start":{"line":19,"column":24},"end":{"line":21,"column":3}},"line":19},"3":{"name":"(anonymous_3)","decl":{"start":{"line":23,"column":2},"end":{"line":23,"column":3}},"loc":{"start":{"line":23,"column":37},"end":{"line":39,"column":3}},"line":23},"4":{"name":"(anonymous_4)","decl":{"start":{"line":41,"column":2},"end":{"line":41,"column":3}},"loc":{"start":{"line":41,"column":29},"end":{"line":45,"column":3}},"line":41},"5":{"name":"(anonymous_5)","decl":{"start":{"line":47,"column":2},"end":{"line":47,"column":3}},"loc":{"start":{"line":47,"column":17},"end":{"line":80,"column":3}},"line":47},"6":{"name":"(anonymous_6)","decl":{"start":{"line":72,"column":38},"end":{"line":72,"column":39}},"loc":{"start":{"line":72,"column":44},"end":{"line":74,"column":5}},"line":72},"7":{"name":"(anonymous_7)","decl":{"start":{"line":76,"column":28},"end":{"line":76,"column":29}},"loc":{"start":{"line":76,"column":39},"end":{"line":79,"column":5}},"line":76},"8":{"name":"(anonymous_8)","decl":{"start":{"line":82,"column":2},"end":{"line":82,"column":3}},"loc":{"start":{"line":82,"column":19},"end":{"line":94,"column":3}},"line":82},"9":{"name":"(anonymous_9)","decl":{"start":{"line":96,"column":2},"end":{"line":96,"column":3}},"loc":{"start":{"line":96,"column":23},"end":{"line":111,"column":3}},"line":96},"10":{"name":"(anonymous_10)","decl":{"start":{"line":97,"column":16},"end":{"line":97,"column":17}},"loc":{"start":{"line":97,"column":22},"end":{"line":110,"column":5}},"line":97},"11":{"name":"(anonymous_11)","decl":{"start":{"line":104,"column":22},"end":{"line":104,"column":23}},"loc":{"start":{"line":104,"column":31},"end":{"line":108,"column":9}},"line":104},"12":{"name":"(anonymous_12)","decl":{"start":{"line":108,"column":17},"end":{"line":108,"column":18}},"loc":{"start":{"line":108,"column":23},"end":{"line":108,"column":25}},"line":108},"13":{"name":"(anonymous_13)","decl":{"start":{"line":113,"column":2},"end":{"line":113,"column":3}},"loc":{"start":{"line":113,"column":9},"end":{"line":117,"column":3}},"line":113}},"branchMap":{"0":{"loc":{"start":{"line":11,"column":6},"end":{"line":13,"column":7}},"type":"if","locations":[{"start":{"line":11,"column":6},"end":{"line":13,"column":7}},{"start":{},"end":{}}],"line":11},"1":{"loc":{"start":{"line":24,"column":4},"end":{"line":26,"column":5}},"type":"if","locations":[{"start":{"line":24,"column":4},"end":{"line":26,"column":5}},{"start":{},"end":{}}],"line":24},"2":{"loc":{"start":{"line":34,"column":19},"end":{"line":34,"column":45}},"type":"binary-expr","locations":[{"start":{"line":34,"column":19},"end":{"line":34,"column":39}},{"start":{"line":34,"column":43},"end":{"line":34,"column":45}}],"line":34},"3":{"loc":{"start":{"line":42,"column":4},"end":{"line":44,"column":5}},"type":"if","locations":[{"start":{"line":42,"column":4},"end":{"line":44,"column":5}},{"start":{},"end":{}}],"line":42},"4":{"loc":{"start":{"line":98,"column":6},"end":{"line":98,"column":31}},"type":"if","locations":[{"start":{"line":98,"column":6},"end":{"line":98,"column":31}},{"start":{},"end":{}}],"line":98},"5":{"loc":{"start":{"line":100,"column":6},"end":{"line":109,"column":7}},"type":"if","locations":[{"start":{"line":100,"column":6},"end":{"line":109,"column":7}},{"start":{},"end":{}}],"line":100},"6":{"loc":{"start":{"line":100,"column":10},"end":{"line":100,"column":61}},"type":"binary-expr","locations":[{"start":{"line":100,"column":10},"end":{"line":100,"column":34}},{"start":{"line":100,"column":38},"end":{"line":100,"column":61}}],"line":100},"7":{"loc":{"start":{"line":105,"column":10},"end":{"line":107,"column":11}},"type":"if","locations":[{"start":{"line":105,"column":10},"end":{"line":107,"column":11}},{"start":{},"end":{}}],"line":105},"8":{"loc":{"start":{"line":105,"column":14},"end":{"line":105,"column":32}},"type":"binary-expr","locations":[{"start":{"line":105,"column":14},"end":{"line":105,"column":17}},{"start":{"line":105,"column":21},"end":{"line":105,"column":32}}],"line":105},"9":{"loc":{"start":{"line":114,"column":4},"end":{"line":116,"column":5}},"type":"if","locations":[{"start":{"line":114,"column":4},"end":{"line":116,"column":5}},{"start":{},"end":{}}],"line":114},"10":{"loc":{"start":{"line":114,"column":8},"end":{"line":114,"column":49}},"type":"binary-expr","locations":[{"start":{"line":114,"column":8},"end":{"line":114,"column":19}},{"start":{"line":114,"column":23},"end":{"line":114,"column":49}}],"line":114}},"s":{"0":1,"1":1,"2":25,"3":25,"4":25,"5":25,"6":2,"7":1,"8":25,"9":2,"10":13,"11":12,"12":13,"13":13,"14":13,"15":13,"16":2,"17":1,"18":17,"19":17,"20":17,"21":17,"22":1,"23":17,"24":1,"25":1,"26":1,"27":1,"28":1,"29":1,"30":1,"31":25,"32":7,"33":2,"34":5,"35":4,"36":4,"37":3,"38":1,"39":3,"40":1,"41":1},"f":{"0":25,"1":2,"2":2,"3":13,"4":2,"5":17,"6":1,"7":1,"8":1,"9":25,"10":7,"11":3,"12":1,"13":3},"b":{"0":[1,1],"1":[12,1],"2":[13,12],"3":[1,1],"4":[2,5],"5":[4,1],"6":[5,4],"7":[1,2],"8":[3,1],"9":[1,2],"10":[3,2]},"_coverageSchema":"1a1c01bbd47fc00a2c39e90264f33305004495a9","hash":"23d4c9426b1ddead5acfd93ffdf3a7e6ed8ff5be"}
,"D:\\Projetos\\task-bar-reminder\\src\\ui\\Tray.js": {"path":"D:\\Projetos\\task-bar-reminder\\src\\ui\\Tray.js","statementMap":{"0":{"start":{"line":1,"column":28},"end":{"line":1,"column":47}},"1":{"start":{"line":2,"column":13},"end":{"line":2,"column":28}},"2":{"start":{"line":6,"column":4},"end":{"line":6,"column":21}},"3":{"start":{"line":7,"column":4},"end":{"line":7,"column":25}},"4":{"start":{"line":11,"column":4},"end":{"line":13,"column":6}},"5":{"start":{"line":15,"column":4},"end":{"line":15,"column":45}},"6":{"start":{"line":16,"column":4},"end":{"line":16,"column":24}},"7":{"start":{"line":20,"column":4},"end":{"line":20,"column":29}},"8":{"start":{"line":24,"column":18},"end":{"line":31,"column":7}},"9":{"start":{"line":24,"column":40},"end":{"line":31,"column":5}},"10":{"start":{"line":27,"column":8},"end":{"line":29,"column":9}},"11":{"start":{"line":28,"column":10},"end":{"line":28,"column":42}},"12":{"start":{"line":33,"column":4},"end":{"line":35,"column":5}},"13":{"start":{"line":34,"column":6},"end":{"line":34,"column":40}},"14":{"start":{"line":37,"column":4},"end":{"line":40,"column":7}},"15":{"start":{"line":39,"column":19},"end":{"line":39,"column":29}},"16":{"start":{"line":42,"column":17},"end":{"line":42,"column":46}},"17":{"start":{"line":43,"column":4},"end":{"line":43,"column":35}},"18":{"start":{"line":47,"column":0},"end":{"line":47,"column":25}}},"fnMap":{"0":{"name":"(anonymous_0)","decl":{"start":{"line":5,"column":2},"end":{"line":5,"column":3}},"loc":{"start":{"line":5,"column":16},"end":{"line":8,"column":3}},"line":5},"1":{"name":"(anonymous_1)","decl":{"start":{"line":10,"column":2},"end":{"line":10,"column":3}},"loc":{"start":{"line":10,"column":11},"end":{"line":17,"column":3}},"line":10},"2":{"name":"(anonymous_2)","decl":{"start":{"line":19,"column":2},"end":{"line":19,"column":3}},"loc":{"start":{"line":19,"column":24},"end":{"line":21,"column":3}},"line":19},"3":{"name":"(anonymous_3)","decl":{"start":{"line":23,"column":2},"end":{"line":23,"column":3}},"loc":{"start":{"line":23,"column":24},"end":{"line":44,"column":3}},"line":23},"4":{"name":"(anonymous_4)","decl":{"start":{"line":24,"column":32},"end":{"line":24,"column":33}},"loc":{"start":{"line":24,"column":40},"end":{"line":31,"column":5}},"line":24},"5":{"name":"(anonymous_5)","decl":{"start":{"line":26,"column":13},"end":{"line":26,"column":14}},"loc":{"start":{"line":26,"column":19},"end":{"line":30,"column":7}},"line":26},"6":{"name":"(anonymous_6)","decl":{"start":{"line":39,"column":13},"end":{"line":39,"column":14}},"loc":{"start":{"line":39,"column":19},"end":{"line":39,"column":29}},"line":39}},"branchMap":{"0":{"loc":{"start":{"line":27,"column":8},"end":{"line":29,"column":9}},"type":"if","locations":[{"start":{"line":27,"column":8},"end":{"line":29,"column":9}},{"start":{},"end":{}}],"line":27},"1":{"loc":{"start":{"line":33,"column":4},"end":{"line":35,"column":5}},"type":"if","locations":[{"start":{"line":33,"column":4},"end":{"line":35,"column":5}},{"start":{},"end":{}}],"line":33}},"s":{"0":1,"1":1,"2":8,"3":8,"4":7,"5":7,"6":7,"7":2,"8":12,"9":4,"10":2,"11":1,"12":12,"13":3,"14":12,"15":1,"16":12,"17":12,"18":1},"f":{"0":8,"1":7,"2":2,"3":12,"4":4,"5":2,"6":1},"b":{"0":[1,1],"1":[3,9]},"_coverageSchema":"1a1c01bbd47fc00a2c39e90264f33305004495a9","hash":"eaa86042cc374e3652c7a95c52193fb835c9cb0f"}
}
