TN:
SF:src\core\AudioPlayer.js
FN:8,(anonymous_0)
FN:13,(anonymous_1)
FN:14,(anonymous_2)
FN:39,(anonymous_3)
FN:45,(anonymous_4)
FN:52,(anonymous_5)
FN:59,(anonymous_6)
FN:64,(anonymous_7)
FNF:8
FNH:8
FNDA:15,(anonymous_0)
FNDA:7,(anonymous_1)
FNDA:7,(anonymous_2)
FNDA:1,(anonymous_3)
FNDA:3,(anonymous_4)
FNDA:9,(anonymous_5)
FNDA:6,(anonymous_6)
FNDA:11,(anonymous_7)
DA:1,1
DA:2,1
DA:3,1
DA:5,1
DA:9,15
DA:10,15
DA:14,7
DA:15,7
DA:17,7
DA:18,2
DA:19,2
DA:20,2
DA:23,5
DA:24,1
DA:25,1
DA:26,1
DA:29,4
DA:39,4
DA:40,1
DA:41,1
DA:42,1
DA:45,4
DA:46,3
DA:47,3
DA:53,9
DA:54,2
DA:55,2
DA:60,6
DA:61,1
DA:64,5
DA:65,11
DA:66,8
DA:67,8
DA:70,5
DA:71,1
DA:74,4
DA:75,4
DA:79,8
DA:83,1
LF:39
LH:39
BRDA:17,0,0,2
BRDA:17,0,1,5
BRDA:17,1,0,7
BRDA:17,1,1,6
BRDA:23,2,0,1
BRDA:23,2,1,4
BRDA:53,3,0,2
BRDA:53,3,1,7
BRDA:60,4,0,1
BRDA:60,4,1,5
BRDA:65,5,0,3
BRDA:65,5,1,8
BRDA:67,6,0,8
BRDA:67,6,1,4
BRDA:70,7,0,1
BRDA:70,7,1,4
BRF:16
BRH:16
end_of_record
TN:
SF:src\core\ConfigLoader.js
FN:15,(anonymous_0)
FNF:1
FNH:1
FNDA:25,(anonymous_0)
DA:1,1
DA:2,1
DA:3,1
DA:5,1
DA:7,1
DA:16,25
DA:17,23
DA:18,23
DA:19,7
DA:23,25
DA:24,1
DA:27,24
DA:29,24
DA:30,24
DA:32,1
DA:37,23
DA:45,23
DA:46,3
DA:49,20
DA:51,20
DA:52,21
DA:53,2
DA:56,19
DA:57,1
DA:59,18
DA:61,18
DA:62,2
DA:65,16
DA:66,2
DA:69,14
DA:70,1
DA:73,13
DA:74,1
DA:78,11
DA:79,2
DA:82,9
DA:83,2
DA:88,1
LF:38
LH:38
BRDA:23,0,0,1
BRDA:23,0,1,24
BRDA:45,1,0,3
BRDA:45,1,1,20
BRDA:45,2,0,23
BRDA:45,2,1,22
BRDA:45,2,2,21
BRDA:52,3,0,2
BRDA:52,3,1,19
BRDA:52,4,0,21
BRDA:52,4,1,20
BRDA:56,5,0,1
BRDA:56,5,1,18
BRDA:61,6,0,2
BRDA:61,6,1,16
BRDA:61,7,0,18
BRDA:61,7,1,17
BRDA:65,8,0,2
BRDA:65,8,1,14
BRDA:65,9,0,16
BRDA:65,9,1,15
BRDA:69,10,0,1
BRDA:69,10,1,13
BRDA:73,11,0,1
BRDA:73,11,1,12
BRDA:73,12,0,13
BRDA:73,12,1,2
BRDA:78,13,0,2
BRDA:78,13,1,9
BRDA:78,14,0,11
BRDA:78,14,1,10
BRDA:82,15,0,2
BRDA:82,15,1,7
BRDA:82,16,0,9
BRDA:82,16,1,8
BRF:35
BRH:35
end_of_record
TN:
SF:src\core\ReminderService.js
FN:7,(anonymous_0)
FN:19,(anonymous_1)
FN:59,(anonymous_2)
FN:90,(anonymous_3)
FN:91,(anonymous_4)
FN:109,(anonymous_5)
FN:110,(anonymous_6)
FNF:7
FNH:7
FNDA:15,(anonymous_0)
FNDA:6,(anonymous_1)
FNDA:4,(anonymous_2)
FNDA:9,(anonymous_3)
FNDA:10,(anonymous_4)
FNDA:1,(anonymous_5)
FNDA:2,(anonymous_6)
DA:1,1
DA:8,15
DA:9,15
DA:10,15
DA:11,15
DA:12,15
DA:14,15
DA:15,15
DA:16,15
DA:20,6
DA:21,12
DA:26,12
DA:28,12
DA:29,4
DA:31,4
DA:32,2
DA:33,2
DA:34,2
DA:37,2
DA:38,2
DA:41,8
DA:45,14
DA:46,14
DA:48,14
DA:49,14
DA:53,21
DA:55,21
DA:56,1
DA:59,21
DA:60,4
DA:61,4
DA:62,4
DA:65,21
DA:69,6
DA:70,6
DA:74,12
DA:76,6
DA:77,6
DA:79,6
DA:80,6
DA:81,2
DA:84,6
DA:86,6
DA:87,6
DA:91,10
DA:92,9
DA:94,8
DA:95,2
DA:96,2
DA:97,1
DA:99,6
DA:100,5
DA:101,5
DA:102,1
DA:105,5
DA:110,2
DA:117,1
LF:57
LH:57
BRDA:28,0,0,4
BRDA:28,0,1,8
BRDA:31,1,0,2
BRDA:31,1,1,2
BRDA:55,2,0,1
BRDA:55,2,1,20
BRDA:74,3,0,6
BRDA:74,3,1,6
BRDA:74,4,0,12
BRDA:74,4,1,12
BRDA:80,5,0,2
BRDA:80,5,1,4
BRDA:92,6,0,1
BRDA:92,6,1,8
BRDA:94,7,0,2
BRDA:94,7,1,6
BRDA:96,8,0,1
BRDA:96,8,1,1
BRDA:99,9,0,5
BRDA:99,9,1,1
BRDA:101,10,0,1
BRDA:101,10,1,4
BRF:22
BRH:22
end_of_record
TN:
SF:src\core\Scheduler.js
FN:5,(anonymous_0)
FN:9,(anonymous_1)
FN:17,(anonymous_2)
FN:25,(anonymous_3)
FN:31,(anonymous_4)
FN:37,(anonymous_5)
FNF:6
FNH:6
FNDA:11,(anonymous_0)
FNDA:8,(anonymous_1)
FNDA:12,(anonymous_2)
FNDA:2,(anonymous_3)
FNDA:2,(anonymous_4)
FNDA:7,(anonymous_5)
DA:1,1
DA:2,1
DA:6,11
DA:10,8
DA:12,8
DA:13,8
DA:14,8
DA:18,12
DA:19,12
DA:20,4
DA:21,4
DA:26,2
DA:27,2
DA:32,2
DA:33,2
DA:34,2
DA:38,7
DA:42,1
LF:18
LH:18
BRDA:12,0,0,1
BRDA:12,0,1,7
BRDA:19,1,0,4
BRDA:19,1,1,8
BRDA:32,2,0,1
BRDA:32,2,1,1
BRF:6
BRH:6
end_of_record
TN:
SF:src\core\StateStore.js
FN:7,(anonymous_0)
FN:17,(anonymous_1)
FN:22,(anonymous_2)
FN:28,(anonymous_3)
FNF:4
FNH:4
FNDA:12,(anonymous_0)
FNDA:2,(anonymous_1)
FNDA:3,(anonymous_2)
FNDA:2,(anonymous_3)
DA:1,1
DA:2,1
DA:4,1
DA:8,12
DA:9,12
DA:10,11
DA:11,10
DA:13,2
DA:18,2
DA:19,2
DA:23,3
DA:24,3
DA:25,3
DA:29,2
DA:30,2
DA:31,2
DA:35,5
DA:36,5
DA:37,5
DA:41,1
LF:20
LH:20
BRDA:10,0,0,11
BRDA:10,0,1,1
BRDA:11,1,0,9
BRDA:11,1,1,1
BRDA:11,2,0,10
BRDA:11,2,1,9
BRDA:19,3,0,2
BRDA:19,3,1,1
BRF:8
BRH:8
end_of_record
TN:
SF:src\ui\ReminderWindow.js
FN:5,(anonymous_0)
FN:10,(anonymous_1)
FN:19,(anonymous_2)
FN:23,(anonymous_3)
FN:41,(anonymous_4)
FN:47,(anonymous_5)
FN:72,(anonymous_6)
FN:76,(anonymous_7)
FN:82,(anonymous_8)
FN:96,(anonymous_9)
FN:97,(anonymous_10)
FN:104,(anonymous_11)
FN:108,(anonymous_12)
FN:113,(anonymous_13)
FNF:14
FNH:14
FNDA:25,(anonymous_0)
FNDA:2,(anonymous_1)
FNDA:2,(anonymous_2)
FNDA:13,(anonymous_3)
FNDA:2,(anonymous_4)
FNDA:17,(anonymous_5)
FNDA:1,(anonymous_6)
FNDA:1,(anonymous_7)
FNDA:1,(anonymous_8)
FNDA:25,(anonymous_9)
FNDA:7,(anonymous_10)
FNDA:3,(anonymous_11)
FNDA:1,(anonymous_12)
FNDA:3,(anonymous_13)
DA:1,1
DA:2,1
DA:6,25
DA:7,25
DA:9,25
DA:10,25
DA:11,2
DA:12,1
DA:16,25
DA:20,2
DA:24,13
DA:25,12
DA:28,13
DA:29,13
DA:31,13
DA:38,13
DA:42,2
DA:43,1
DA:48,17
DA:50,17
DA:70,17
DA:72,17
DA:73,1
DA:76,17
DA:77,1
DA:78,1
DA:83,1
DA:84,1
DA:85,1
DA:86,1
DA:88,1
DA:97,25
DA:98,7
DA:100,5
DA:101,4
DA:104,4
DA:105,3
DA:106,1
DA:114,3
DA:115,1
DA:120,1
LF:41
LH:41
BRDA:11,0,0,1
BRDA:11,0,1,1
BRDA:24,1,0,12
BRDA:24,1,1,1
BRDA:34,2,0,13
BRDA:34,2,1,12
BRDA:42,3,0,1
BRDA:42,3,1,1
BRDA:98,4,0,2
BRDA:98,4,1,5
BRDA:100,5,0,4
BRDA:100,5,1,1
BRDA:100,6,0,5
BRDA:100,6,1,4
BRDA:105,7,0,1
BRDA:105,7,1,2
BRDA:105,8,0,3
BRDA:105,8,1,1
BRDA:114,9,0,1
BRDA:114,9,1,2
BRDA:114,10,0,3
BRDA:114,10,1,2
BRF:22
BRH:22
end_of_record
TN:
SF:src\ui\Tray.js
FN:5,(anonymous_0)
FN:10,(anonymous_1)
FN:19,(anonymous_2)
FN:23,(anonymous_3)
FN:24,(anonymous_4)
FN:26,(anonymous_5)
FN:39,(anonymous_6)
FNF:7
FNH:7
FNDA:8,(anonymous_0)
FNDA:7,(anonymous_1)
FNDA:2,(anonymous_2)
FNDA:12,(anonymous_3)
FNDA:4,(anonymous_4)
FNDA:2,(anonymous_5)
FNDA:1,(anonymous_6)
DA:1,1
DA:2,1
DA:6,8
DA:7,8
DA:11,7
DA:15,7
DA:16,7
DA:20,2
DA:24,12
DA:27,2
DA:28,1
DA:33,12
DA:34,3
DA:37,12
DA:39,1
DA:42,12
DA:43,12
DA:47,1
LF:18
LH:18
BRDA:27,0,0,1
BRDA:27,0,1,1
BRDA:33,1,0,3
BRDA:33,1,1,9
BRF:4
BRH:4
end_of_record
